Build started 4/15/2016 6:41:19 PM.
     1>Project "C:\Users\100592485\Desktop\OOPFinal-master\FinalProject\FinalProject\FinalProject.vcxproj" on node 2 (Build target(s)).
     1>ClCompile:
         C:\Program Files (x86)\Microsoft Visual Studio 12.0\VC\bin\CL.exe /c /ZI /nologo /W3 /WX- /sdl /Od /Oy- /Gm /EHsc /RTC1 /MDd /GS /fp:precise /Zc:wchar_t /Zc:forScope /Fo"Debug\\" /Fd"Debug\vc120.pdb" /Gd /TP /analyze- /errorReport:prompt Car.cpp functions.cpp TrafficLight.cpp main.cpp Place.cpp Vehicle.cpp
         Vehicle.cpp
         Place.cpp
         main.cpp
     1>c:\users\100592485\desktop\oopfinal-master\finalproject\finalproject\main.cpp(19): warning C4244: 'argument' : conversion from 'time_t' to 'unsigned int', possible loss of data
         TrafficLight.cpp
         functions.cpp
         Car.cpp
         Generating Code...
       Link:
         C:\Program Files (x86)\Microsoft Visual Studio 12.0\VC\bin\link.exe /ERRORREPORT:PROMPT /OUT:"C:\Users\100592485\Desktop\OOPFinal-master\FinalProject\Debug\FinalProject.exe" /INCREMENTAL /NOLOGO kernel32.lib user32.lib gdi32.lib winspool.lib comdlg32.lib advapi32.lib shell32.lib ole32.lib oleaut32.lib uuid.lib odbc32.lib odbccp32.lib /MANIFEST /MANIFESTUAC:"level='asInvoker' uiAccess='false'" /manifest:embed /DEBUG /PDB:"C:\Users\100592485\Desktop\OOPFinal-master\FinalProject\Debug\FinalProject.pdb" /TLBID:1 /DYNAMICBASE /NXCOMPAT /IMPLIB:"C:\Users\100592485\Desktop\OOPFinal-master\FinalProject\Debug\FinalProject.lib" /MACHINE:X86 Debug\Car.obj
         Debug\functions.obj
         Debug\TrafficLight.obj
         Debug\main.obj
         Debug\Place.obj
         Debug\Vehicle.obj
         LINK : C:\Users\100592485\Desktop\OOPFinal-master\FinalProject\Debug\FinalProject.exe not found or not built by the last incremental link; performing full link
         FinalProject.vcxproj -> C:\Users\100592485\Desktop\OOPFinal-master\FinalProject\Debug\FinalProject.exe
     1>Done Building Project "C:\Users\100592485\Desktop\OOPFinal-master\FinalProject\FinalProject\FinalProject.vcxproj" (Build target(s)).

Build succeeded.

Time Elapsed 00:00:08.30
